<?xml version="1.0" encoding="UTF-8"?>
<testsuite xmlns:xsi="http://www.w3.org/2001/XMLSchema-instance" xsi:noNamespaceSchemaLocation="https://maven.apache.org/surefire/maven-surefire-plugin/xsd/surefire-test-report-3.0.xsd" version="3.0" name="TestSuite" time="37.202" tests="3" errors="0" skipped="0" failures="0">
  <properties>
[...]
</properties>
  <testcase name="testCase1_OpenWindowsStartMenu" classname="com.automation.PlaySongWithAutomation" time="11.228">
    <system-out><![CDATA[Cleaning up old screenshots...
Deleted 2 old screenshot files
[error] Mouse: not useable (blocked)
Browser opened once for all test cases
=== Test Case 1: Open Windows Start Menu ===
Looking for WindowsStartButton.jpg image...
Image file found: WindowsStartButton.jpg
Image file size: 4146 bytes
WindowsStartButton.jpg found! Clicking...
[log] CLICK on L[22,1060]@S(0) (602 msec)
Successfully clicked WindowsStartButton.jpg!
Match score: 0.9999999403953552
Screenshot saved: D:\learning\seleniumautomation\autoit\wampautomation\test-output\screenshots\TestCase1-after_start_button_click_20250914_180247.png
Windows Start Button clicked successfully
[log]  TYPE "D:\Song Collection\05 A.R.RAHUMAN SUN\01 CHINNA CHINNA ASAI.mp3"
]]></system-out>
    <system-err><![CDATA[SLF4J: No SLF4J providers were found.
SLF4J: Defaulting to no-operation (NOP) logger implementation
SLF4J: See https://www.slf4j.org/codes.html#noProviders for further details.
SLF4J: Class path contains SLF4J bindings targeting slf4j-api versions 1.7.x or earlier.
SLF4J: Ignoring binding found at [jar:file:/C:/Users/Mano/.m2/repository/org/slf4j/slf4j-nop/1.7.28/slf4j-nop-1.7.28.jar!/org/slf4j/impl/StaticLoggerBinder.class]
SLF4J: See https://www.slf4j.org/codes.html#ignoredBindings for an explanation.
Sep 14, 2025 6:02:45 PM org.openqa.selenium.devtools.CdpVersionFinder findNearestMatch
WARNING: Unable to find CDP implementation matching 140
Sep 14, 2025 6:02:45 PM org.openqa.selenium.chromium.ChromiumDriver lambda$new$5
WARNING: Unable to find version of CDP to use for 140.0.7339.128. You may need to include a dependency on a specific version of the CDP using something similar to `org.seleniumhq.selenium:selenium-devtools-v86:4.15.0` where the version ("v86") matches the version of the chromium-based browser you're using and the version number of the artifact is the same as Selenium's.
]]></system-err>
  </testcase>
  <testcase name="testCase2_OpenFolderExplorer" classname="com.automation.PlaySongWithAutomation" time="0.203">
    <system-out><![CDATA[Screenshot saved: D:\learning\seleniumautomation\autoit\wampautomation\test-output\screenshots\TestCase2-after_typing_song_name_20250914_180256.png
Folder Explorer clicked successfully
]]></system-out>
  </testcase>
  <testcase name="testCase3_SelectSongFile" classname="com.automation.PlaySongWithAutomation" time="18.946">
    <system-out><![CDATA[=== Test Case 4: Select Song File ===
[log]  TYPE "#ENTER."
Screenshot saved: D:\learning\seleniumautomation\autoit\wampautomation\test-output\screenshots\TestCase3-after_pressing_enter_20250914_180302.png
Select Song File test completed successfully
[log]  TYPE "q"
]]></system-out>
  </testcase>
</testsuite>