<?xml version="1.0" encoding="UTF-8"?>
<testng-results ignored="0" total="3" passed="3" failed="0" skipped="0">
  <reporter-output>
  </reporter-output>
  <suite started-at="2025-09-14T18:02:41 IST" name="WAMP Automation Suite" finished-at="2025-09-14T18:03:17 IST" duration-ms="35848">
    <groups>
    </groups>
    <test started-at="2025-09-14T18:02:41 IST" name="Desktop Automation Tests" finished-at="2025-09-14T18:03:17 IST" duration-ms="35848">
      <class name="com.automation.PlaySongWithAutomation">
        <test-method is-config="true" signature="setUpBeforeSuite()[pri:0, instance:com.automation.PlaySongWithAutomation@799f10e1]" started-at="2025-09-14T18:02:40 IST" name="setUpBeforeSuite" finished-at="2025-09-14T18:02:41 IST" duration-ms="498" status="PASS">
          <reporter-output>
          </reporter-output>
        </test-method> <!-- setUpBeforeSuite -->
        <test-method is-config="true" signature="setUpBeforeClass()[pri:0, instance:com.automation.PlaySongWithAutomation@799f10e1]" started-at="2025-09-14T18:02:41 IST" name="setUpBeforeClass" finished-at="2025-09-14T18:02:45 IST" duration-ms="4267" status="PASS">
          <reporter-output>
          </reporter-output>
        </test-method> <!-- setUpBeforeClass -->
        <test-method signature="testCase1_OpenWindowsStartMenu()[pri:0, instance:com.automation.PlaySongWithAutomation@799f10e1]" started-at="2025-09-14T18:02:45 IST" name="testCase1_OpenWindowsStartMenu" finished-at="2025-09-14T18:02:56 IST" duration-ms="11227" status="PASS">
          <reporter-output>
          </reporter-output>
        </test-method> <!-- testCase1_OpenWindowsStartMenu -->
        <test-method signature="testCase2_OpenFolderExplorer()[pri:0, instance:com.automation.PlaySongWithAutomation@799f10e1]" started-at="2025-09-14T18:02:56 IST" name="testCase2_OpenFolderExplorer" finished-at="2025-09-14T18:02:57 IST" duration-ms="203" status="PASS">
          <reporter-output>
          </reporter-output>
        </test-method> <!-- testCase2_OpenFolderExplorer -->
        <test-method signature="testCase3_SelectSongFile()[pri:0, instance:com.automation.PlaySongWithAutomation@799f10e1]" started-at="2025-09-14T18:02:57 IST" name="testCase3_SelectSongFile" finished-at="2025-09-14T18:03:16 IST" duration-ms="18949" status="PASS">
          <reporter-output>
          </reporter-output>
        </test-method> <!-- testCase3_SelectSongFile -->
        <test-method is-config="true" signature="tearDown()[pri:0, instance:com.automation.PlaySongWithAutomation@799f10e1]" started-at="2025-09-14T18:03:16 IST" name="tearDown" finished-at="2025-09-14T18:03:17 IST" duration-ms="1153" status="PASS">
          <reporter-output>
          </reporter-output>
        </test-method> <!-- tearDown -->
      </class> <!-- com.automation.PlaySongWithAutomation -->
    </test> <!-- Desktop Automation Tests -->
  </suite> <!-- WAMP Automation Suite -->
</testng-results>
