<?xml version="1.0" encoding="UTF-8"?>
<!-- Generated by org.testng.reporters.JUnitXMLReporter -->
<testsuite ignored="0" hostname="DESKTOP-HSR2UCL" failures="0" tests="3" name="Desktop Automation Tests" time="35.848" errors="0" timestamp="2025-09-14T18:03:17 IST">
  <testcase classname="com.automation.PlaySongWithAutomation" name="testCase1_OpenWindowsStartMenu" time="11.227"/>
  <testcase classname="com.automation.PlaySongWithAutomation" name="testCase2_OpenFolderExplorer" time="0.203"/>
  <testcase classname="com.automation.PlaySongWithAutomation" name="testCase3_SelectSongFile" time="18.949"/>
</testsuite> <!-- Desktop Automation Tests -->
